1561 867 811 21 0 155 0
eric      1498  0.0  0.0   6244  3468 pts/3    S+   12:53   0:00 ./atpg -mod_logicsim -input ../input/c17.input ../circuits/iscas85/c17.bench
eric      1501  0.0  0.0   2612   604 pts/3    S+   12:53   0:00 sh -c ps aux | grep atpg
eric      1503  0.0  0.0   8164   724 pts/3    S+   12:53   0:00 grep atpg
Start parsing input file
Finish reading circuit file
Run logic simulation
21222 22
01201 11
11112 10
21201 11
00020 00
10020 00
12101 11
11202 11
12120 12
12202 22
10012 02
10010 00
02220 22
11212 22
10122 12
20211 22
20122 22
00212 02
21121 22
21222 22
10220 20
21110 20
20100 20
01102 11
00122 02
22121 22
00100 00
20202 22
02010 22
02212 22
12001 21
00012 02
12002 22
02020 22
20021 01
00122 02
11112 10
01202 11
12210 22
22222 22
22222 22
10220 20
10102 12
00001 01
01120 22
12011 21
21121 22
01120 22
21102 11
01012 11
21101 11
12020 22
22101 21
00220 00
01111 00
02000 22
20200 20
12222 22
02122 22
22021 21
02221 22
10021 01
12100 12
22011 21
22001 21
00102 02
21221 22
11110 10
00011 01
00012 02
10121 12
02110 00
11210 22
02121 22
20102 22
20022 02
01220 22
12001 21
01200 11
01221 22
01111 00
10210 20
11110 10
20020 00
10201 21
21210 22
02120 22
00102 02
22010 22
10110 10
10110 10
20112 20
22201 21
01211 22
11122 12
20002 02
01210 22
00012 02
01221 22
02001 21
total CPU time = 0.00028

