1561 874 818 21 0 155 0
eric      1747  0.0  0.0   6244  3496 pts/3    S+   12:57   0:00 ./atpg -mod_logicsim -input ../input/c432.input ../circuits/iscas85/c432.bench
eric      1750  0.0  0.0   2612   536 pts/3    S+   12:57   0:00 sh -c ps aux | grep atpg
eric      1752  0.0  0.0   8164   728 pts/3    S+   12:57   0:00 grep atpg
Start parsing input file
Finish reading circuit file
Run logic simulation
212220120111112212010002010020121011 0001000
120212120122021001210010022201121210 2002002
122202112012200212211212122210220211 2002220
102010001102001222212100100202020201 0001000
002212120010001212002020202002100122 0001000
111120120212210222222222210220101020 0001000
000101120120112112101120211020101221 0001000
101120202210100220011110200020200122 0001000
220212222021022211002112100220112200 2202200
100102212211111000011000121012102110 0001000
112100212120102200220122012001012000 0001000
122101111102101111020020102012121002 0001000
120001022201010110101102011222201012 0001000
111112220002012100001201221020012220 2002000
122122021211222112202112220110222111 2002220
111010212101102111010102121112001100 0001000
122112222211012122012220220111101112 0001000
012010112101100102122201121200212210 0001000
202122000010002000112010111002100122 0001000
120101202110222220202010000010220210 2002000
101122112001102101102110200202022102 0001000
120001211222110001022110012000210220 2221000
122012220220002020022022121110100101 0001000
021021022001101001010102222200102011 0001000
121121202110212222211111202100022202 2002200
002010001201220011202122201122002001 0001000
111002102211101021221100010021102000 0001000
020212002202021212221020201111211000 0001000
210101111002221001122210101202020111 2002000
222000220100210111121022021112202202 0001000
202210001020212012211102120020021022 0001000
020102220102001211221200012111111201 0001000
121202212001100001012000211001220121 2002000
012210001101212112211012211020102121 0001000
202010211200221000002102222201002201 0001000
202122122000000011210101011202000010 0001000
002202012111200021222120121102100100 0001000
002221112121211120200020200010121010 0001000
202111002122112112110211021100220101 0001000
011220211220111102002122111102201100 0001000
221111120010211221110000001111111020 0001000
200211002202011121121000221020021012 0001000
220210222001211121110220022201200021 0001000
110020222002210012022010110212121201 2001000
000000202201200112101222112002202200 0001000
000020111202222112000201221122102202 0001000
221021021002202000220002022010210122 2001000
021122120000120101110112110100102012 0001000
222200020000122201122202220222222112 2001000
222222001202011012001001220112101000 0001000
001201100211112012112200121202002200 0001000
110112000202221111221021022222001112 0001000
012010002120012122022221221002001012 0001000
010002000020222111211121101200211011 0001000
212021020002100010120020022220122021 0001000
200201221020010010120010022002120220 0001000
010220021100112120202100122111220012 0001000
021202211100120110100111210012212102 0001000
021102222210000112210011010200110001 0001000
220122202011212011120110202202022111 2002000
002000101100022001101021001212020221 0001000
011202211222002211011210222022121012 0001000
210002202221000201200202112011212212 2001000
110100011002102222211110211200121212 2001000
010211102102020212211101111012220012 0001000
120100010111112222111212211010002010 0001000
022000211101012211112010110022121001 0001000
120211110001220101110222212112022020 0001000
102210110121210012200112122122210202 0001000
210002101102120212101110002020222022 0001000
212022012001221100211121120120022002 0001000
200200000211202022111220020200100221 0001000
002020121100022121221021011111011211 0001000
001121221110010110212100201120221010 0001000
212001102110212102122002102201002210 0001000
120012001011220201211102012010022120 2001000
000102202022110201102010110122202210 0001000
210110022122000011120102022021022101 2001000
110002000011221001011021100111202002 0001000
000011111211110010200012112012010112 0001000
201002221020020122000011220001222002 0001000
002202211200101112001012212222200121 0001000
012100220012022201102022012021102120 0001000
110222121111001001212112000022110210 2002000
122011111011110102102112120111201100 0001000
221120011001222200110202102012012102 2001000
201001221111200001211110112002222000 0001000
222011212012211000112022022222222221 2201000
120021010220201111120020022012201211 0001000
110112100022201210022201221110001010 0001000
200210201000100100222111111010010112 0001000
202012122110110121210122100211112020 0001000
000212000012111220100122000212012111 0001000
011010001120100210121212120102000201 0001000
212021111200222111020111012102200200 0001000
021212011022122210112020020111120012 0001000
220122012010122122102111220002201211 0001000
222220212222202121211021011210002222 0001000
220222210202001200011200200100102102 0001000
120120000221222120111201211201111100 2001000
total CPU time = 0.002569

