(1GAT_0, 4GAT_1, AND)
(1GAT_0, 4GAT_1, OR)
(4GAT_1, 8GAT_2, AND)
(4GAT_1, 8GAT_2, OR)
(8GAT_2, 11GAT_3, AND)
(8GAT_2, 11GAT_3, OR)
(11GAT_3, 14GAT_4, AND)
(11GAT_3, 14GAT_4, OR)
(14GAT_4, 17GAT_5, AND)
(14GAT_4, 17GAT_5, OR)
(17GAT_5, 21GAT_6, AND)
(17GAT_5, 21GAT_6, OR)
(21GAT_6, 24GAT_7, AND)
(21GAT_6, 24GAT_7, OR)
(24GAT_7, 27GAT_8, AND)
(24GAT_7, 27GAT_8, OR)
(27GAT_8, 30GAT_9, AND)
(27GAT_8, 30GAT_9, OR)
(30GAT_9, 34GAT_10, AND)
(30GAT_9, 34GAT_10, OR)
(34GAT_10, 37GAT_11, AND)
(34GAT_10, 37GAT_11, OR)
(37GAT_11, 40GAT_12, AND)
(37GAT_11, 40GAT_12, OR)
(40GAT_12, 43GAT_13, AND)
(40GAT_12, 43GAT_13, OR)
(43GAT_13, 47GAT_14, AND)
(43GAT_13, 47GAT_14, OR)
(47GAT_14, 50GAT_15, AND)
(47GAT_14, 50GAT_15, OR)
(50GAT_15, 53GAT_16, AND)
(50GAT_15, 53GAT_16, OR)
(53GAT_16, 56GAT_17, AND)
(53GAT_16, 56GAT_17, OR)
(56GAT_17, 60GAT_18, AND)
(56GAT_17, 60GAT_18, OR)
(60GAT_18, 63GAT_19, AND)
(60GAT_18, 63GAT_19, OR)
(63GAT_19, 66GAT_20, AND)
(63GAT_19, 66GAT_20, OR)
(66GAT_20, 69GAT_21, AND)
(66GAT_20, 69GAT_21, OR)
(69GAT_21, 73GAT_22, AND)
(69GAT_21, 73GAT_22, OR)
(73GAT_22, 76GAT_23, AND)
(73GAT_22, 76GAT_23, OR)
(76GAT_23, 79GAT_24, AND)
(76GAT_23, 79GAT_24, OR)
(79GAT_24, 82GAT_25, AND)
(79GAT_24, 82GAT_25, OR)
(82GAT_25, 86GAT_26, AND)
(82GAT_25, 86GAT_26, OR)
(86GAT_26, 89GAT_27, AND)
(86GAT_26, 89GAT_27, OR)
(89GAT_27, 92GAT_28, AND)
(89GAT_27, 92GAT_28, OR)
(92GAT_28, 95GAT_29, AND)
(92GAT_28, 95GAT_29, OR)
(95GAT_29, 99GAT_30, AND)
(95GAT_29, 99GAT_30, OR)
(99GAT_30, 102GAT_31, AND)
(99GAT_30, 102GAT_31, OR)
(102GAT_31, 105GAT_32, AND)
(102GAT_31, 105GAT_32, OR)
(105GAT_32, 108GAT_33, AND)
(105GAT_32, 108GAT_33, OR)
(108GAT_33, 112GAT_34, AND)
(108GAT_33, 112GAT_34, OR)
(112GAT_34, 115GAT_35, AND)
(112GAT_34, 115GAT_35, OR)
(151GAT_36, 150GAT_37, AND)
(151GAT_36, 150GAT_37, OR)
(150GAT_37, 147GAT_38, AND)
(150GAT_37, 147GAT_38, OR)
(147GAT_38, 146GAT_39, AND)
(147GAT_38, 146GAT_39, OR)
(146GAT_39, 143GAT_40, AND)
(146GAT_39, 143GAT_40, OR)
(143GAT_40, 142GAT_41, AND)
(143GAT_40, 142GAT_41, OR)
(142GAT_41, 139GAT_42, AND)
(142GAT_41, 139GAT_42, OR)
(139GAT_42, 138GAT_43, AND)
(139GAT_42, 138GAT_43, OR)
(138GAT_43, 135GAT_44, AND)
(138GAT_43, 135GAT_44, OR)
(135GAT_44, 134GAT_45, AND)
(135GAT_44, 134GAT_45, OR)
(134GAT_45, 131GAT_46, AND)
(134GAT_45, 131GAT_46, OR)
(131GAT_46, 130GAT_47, AND)
(131GAT_46, 130GAT_47, OR)
(130GAT_47, 127GAT_48, AND)
(130GAT_47, 127GAT_48, OR)
(127GAT_48, 126GAT_49, AND)
(127GAT_48, 126GAT_49, OR)
(126GAT_49, 123GAT_50, AND)
(126GAT_49, 123GAT_50, OR)
(123GAT_50, 122GAT_51, AND)
(123GAT_50, 122GAT_51, OR)
(122GAT_51, 119GAT_52, AND)
(122GAT_51, 119GAT_52, OR)
(119GAT_52, 118GAT_53, AND)
(119GAT_52, 118GAT_53, OR)
(118GAT_53, 115GAT_35b, AND)
(118GAT_53, 115GAT_35b, OR)
(115GAT_35b, 112GAT_34b, AND)
(115GAT_35b, 112GAT_34b, OR)
(112GAT_34b, 105GAT_32b, AND)
(112GAT_34b, 105GAT_32b, OR)
(105GAT_32b, 99GAT_30b, AND)
(105GAT_32b, 99GAT_30b, OR)
(99GAT_30b, 92GAT_28b, AND)
(99GAT_30b, 92GAT_28b, OR)
(92GAT_28b, 86GAT_26b, AND)
(92GAT_28b, 86GAT_26b, OR)
(86GAT_26b, 79GAT_24b, AND)
(86GAT_26b, 79GAT_24b, OR)
(79GAT_24b, 73GAT_22b, AND)
(79GAT_24b, 73GAT_22b, OR)
(73GAT_22b, 66GAT_20b, AND)
(73GAT_22b, 66GAT_20b, OR)
(66GAT_20b, 60GAT_18b, AND)
(66GAT_20b, 60GAT_18b, OR)
(60GAT_18b, 53GAT_16b, AND)
(60GAT_18b, 53GAT_16b, OR)
(53GAT_16b, 47GAT_14b, AND)
(53GAT_16b, 47GAT_14b, OR)
(47GAT_14b, 40GAT_12b, AND)
(47GAT_14b, 40GAT_12b, OR)
(40GAT_12b, 34GAT_10b, AND)
(40GAT_12b, 34GAT_10b, OR)
(34GAT_10b, 27GAT_8b, AND)
(34GAT_10b, 27GAT_8b, OR)
(27GAT_8b, 21GAT_6b, AND)
(27GAT_8b, 21GAT_6b, OR)
(21GAT_6b, 14GAT_4b, AND)
(21GAT_6b, 14GAT_4b, OR)
(14GAT_4b, 8GAT_2b, AND)
(14GAT_4b, 8GAT_2b, OR)
(151GAT_36b, 180GAT_56, AND)
(151GAT_36b, 180GAT_56, OR)
(180GAT_56, 147GAT_38b, AND)
(180GAT_56, 147GAT_38b, OR)
(147GAT_38b, 177GAT_59, AND)
(147GAT_38b, 177GAT_59, OR)
(177GAT_59, 143GAT_40b, AND)
(177GAT_59, 143GAT_40b, OR)
(143GAT_40b, 174GAT_62, AND)
(143GAT_40b, 174GAT_62, OR)
(174GAT_62, 139GAT_42b, AND)
(174GAT_62, 139GAT_42b, OR)
(139GAT_42b, 171GAT_65, AND)
(139GAT_42b, 171GAT_65, OR)
(171GAT_65, 135GAT_44b, AND)
(171GAT_65, 135GAT_44b, OR)
(135GAT_44b, 168GAT_68, AND)
(135GAT_44b, 168GAT_68, OR)
(168GAT_68, 131GAT_46b, AND)
(168GAT_68, 131GAT_46b, OR)
(131GAT_46b, 165GAT_71, AND)
(131GAT_46b, 165GAT_71, OR)
(165GAT_71, 127GAT_48b, AND)
(165GAT_71, 127GAT_48b, OR)
(127GAT_48b, 162GAT_74, AND)
(127GAT_48b, 162GAT_74, OR)
(162GAT_74, 123GAT_50b, AND)
(162GAT_74, 123GAT_50b, OR)
(123GAT_50b, 159GAT_77, AND)
(123GAT_50b, 159GAT_77, OR)
(159GAT_77, 119GAT_52b, AND)
(159GAT_77, 119GAT_52b, OR)
(119GAT_52b, 154GAT_80, AND)
(119GAT_52b, 154GAT_80, OR)
(199GAT_81, 198GAT_54, AND)
(199GAT_81, 198GAT_54, OR)
(198GAT_54, 197GAT_55, AND)
(198GAT_54, 197GAT_55, OR)
(197GAT_55, 196GAT_57, AND)
(197GAT_55, 196GAT_57, OR)
(196GAT_57, 195GAT_58, AND)
(196GAT_57, 195GAT_58, OR)
(195GAT_58, 194GAT_60, AND)
(195GAT_58, 194GAT_60, OR)
(194GAT_60, 193GAT_61, AND)
(194GAT_60, 193GAT_61, OR)
(193GAT_61, 192GAT_63, AND)
(193GAT_61, 192GAT_63, OR)
(192GAT_63, 191GAT_64, AND)
(192GAT_63, 191GAT_64, OR)
(191GAT_64, 190GAT_66, AND)
(191GAT_64, 190GAT_66, OR)
(190GAT_66, 189GAT_67, AND)
(190GAT_66, 189GAT_67, OR)
(189GAT_67, 188GAT_69, AND)
(189GAT_67, 188GAT_69, OR)
(188GAT_69, 187GAT_70, AND)
(188GAT_69, 187GAT_70, OR)
(187GAT_70, 186GAT_72, AND)
(187GAT_70, 186GAT_72, OR)
(186GAT_72, 185GAT_73, AND)
(186GAT_72, 185GAT_73, OR)
(185GAT_73, 184GAT_75, AND)
(185GAT_73, 184GAT_75, OR)
(184GAT_75, 183GAT_76, AND)
(184GAT_75, 183GAT_76, OR)
(183GAT_76, 158GAT_78, AND)
(183GAT_76, 158GAT_78, OR)
(158GAT_78, 157GAT_79, AND)
(158GAT_78, 157GAT_79, OR)
(157GAT_79, 180GAT_56b, AND)
(157GAT_79, 180GAT_56b, OR)
(180GAT_56b, 177GAT_59b, AND)
(180GAT_56b, 177GAT_59b, OR)
(177GAT_59b, 174GAT_62b, AND)
(177GAT_59b, 174GAT_62b, OR)
(174GAT_62b, 171GAT_65b, AND)
(174GAT_62b, 171GAT_65b, OR)
(171GAT_65b, 168GAT_68b, AND)
(171GAT_65b, 168GAT_68b, OR)
(168GAT_68b, 165GAT_71b, AND)
(168GAT_68b, 165GAT_71b, OR)
(165GAT_71b, 162GAT_74b, AND)
(165GAT_71b, 162GAT_74b, OR)
(162GAT_74b, 159GAT_77b, AND)
(162GAT_74b, 159GAT_77b, OR)
(159GAT_77b, 154GAT_80b, AND)
(159GAT_77b, 154GAT_80b, OR)
(223GAT_84, 203GAT_82, AND)
(223GAT_84, 203GAT_82, OR)
(203GAT_82, 213GAT_83, AND)
(203GAT_82, 213GAT_83, OR)
(PO_223GAT_84, internal__52, AND)
(PO_223GAT_84, internal__52, OR)
(internal__52, 203GAT_82b, AND)
(internal__52, 203GAT_82b, OR)
(203GAT_82b, 259GAT_86, AND)
(203GAT_82b, 259GAT_86, OR)
(259GAT_86, internal__56, AND)
(259GAT_86, internal__56, OR)
(internal__56, 258GAT_88, AND)
(internal__56, 258GAT_88, OR)
(258GAT_88, internal__60, AND)
(258GAT_88, internal__60, OR)
(internal__60, 257GAT_90, AND)
(internal__60, 257GAT_90, OR)
(257GAT_90, internal__64, AND)
(257GAT_90, internal__64, OR)
(internal__64, 256GAT_92, AND)
(internal__64, 256GAT_92, OR)
(256GAT_92, internal__68, AND)
(256GAT_92, internal__68, OR)
(internal__68, 255GAT_94, AND)
(internal__68, 255GAT_94, OR)
(255GAT_94, internal__72, AND)
(255GAT_94, internal__72, OR)
(internal__72, 254GAT_96, AND)
(internal__72, 254GAT_96, OR)
(254GAT_96, internal__76, AND)
(254GAT_96, internal__76, OR)
(internal__76, 250GAT_98, AND)
(internal__76, 250GAT_98, OR)
(250GAT_98, internal__80, AND)
(250GAT_98, internal__80, OR)
(internal__80, 246GAT_100, AND)
(internal__80, 246GAT_100, OR)
(246GAT_100, internal__84, AND)
(246GAT_100, internal__84, OR)
(internal__84, 242GAT_102, AND)
(internal__84, 242GAT_102, OR)
(internal__51, internal__55, AND)
(internal__51, internal__55, OR)
(internal__55, internal__59, AND)
(internal__55, internal__59, OR)
(internal__59, internal__63, AND)
(internal__59, internal__63, OR)
(internal__63, internal__67, AND)
(internal__63, internal__67, OR)
(internal__67, internal__71, AND)
(internal__67, internal__71, OR)
(internal__71, internal__75, AND)
(internal__71, internal__75, OR)
(internal__75, internal__79, AND)
(internal__75, internal__79, OR)
(internal__79, internal__83, AND)
(internal__79, internal__83, OR)
(251GAT_85, 247GAT_87, AND)
(251GAT_85, 247GAT_87, OR)
(247GAT_87, 243GAT_89, AND)
(247GAT_87, 243GAT_89, OR)
(243GAT_89, 239GAT_91, AND)
(243GAT_89, 239GAT_91, OR)
(239GAT_91, 236GAT_93, AND)
(239GAT_91, 236GAT_93, OR)
(236GAT_93, 233GAT_95, AND)
(236GAT_93, 233GAT_95, OR)
(233GAT_95, 230GAT_97, AND)
(233GAT_95, 230GAT_97, OR)
(230GAT_97, 227GAT_99, AND)
(230GAT_97, 227GAT_99, OR)
(227GAT_99, 224GAT_101, AND)
(227GAT_99, 224GAT_101, OR)
(295GAT_103, 285GAT_104, AND)
(295GAT_103, 285GAT_104, OR)
(285GAT_104, 294GAT_105, AND)
(285GAT_104, 294GAT_105, OR)
(294GAT_105, 282GAT_106, AND)
(294GAT_105, 282GAT_106, OR)
(282GAT_106, 293GAT_107, AND)
(282GAT_106, 293GAT_107, OR)
(293GAT_107, 279GAT_108, AND)
(293GAT_107, 279GAT_108, OR)
(279GAT_108, 292GAT_109, AND)
(279GAT_108, 292GAT_109, OR)
(292GAT_109, 276GAT_110, AND)
(292GAT_109, 276GAT_110, OR)
(276GAT_110, 291GAT_111, AND)
(276GAT_110, 291GAT_111, OR)
(291GAT_111, 273GAT_112, AND)
(291GAT_111, 273GAT_112, OR)
(273GAT_112, 290GAT_113, AND)
(273GAT_112, 290GAT_113, OR)
(290GAT_113, 270GAT_114, AND)
(290GAT_113, 270GAT_114, OR)
(270GAT_114, 289GAT_115, AND)
(270GAT_114, 289GAT_115, OR)
(289GAT_115, 267GAT_116, AND)
(289GAT_115, 267GAT_116, OR)
(267GAT_116, 288GAT_117, AND)
(267GAT_116, 288GAT_117, OR)
(288GAT_117, 264GAT_118, AND)
(288GAT_117, 264GAT_118, OR)
(264GAT_118, 263GAT_119, AND)
(264GAT_118, 263GAT_119, OR)
(263GAT_119, 260GAT_120, AND)
(263GAT_119, 260GAT_120, OR)
(296GAT_122, 308GAT_121, AND)
(296GAT_122, 308GAT_121, OR)
(308GAT_121, 307GAT_123, AND)
(308GAT_121, 307GAT_123, OR)
(307GAT_123, 306GAT_124, AND)
(307GAT_123, 306GAT_124, OR)
(306GAT_124, 305GAT_125, AND)
(306GAT_124, 305GAT_125, OR)
(305GAT_125, 304GAT_126, AND)
(305GAT_125, 304GAT_126, OR)
(304GAT_126, 303GAT_127, AND)
(304GAT_126, 303GAT_127, OR)
(303GAT_127, 302GAT_128, AND)
(303GAT_127, 302GAT_128, OR)
(302GAT_128, 301GAT_129, AND)
(302GAT_128, 301GAT_129, OR)
(301GAT_129, 300GAT_130, AND)
(301GAT_129, 300GAT_130, OR)
(300GAT_130, 285GAT_104b, AND)
(300GAT_130, 285GAT_104b, OR)
(285GAT_104b, 282GAT_106b, AND)
(285GAT_104b, 282GAT_106b, OR)
(282GAT_106b, 279GAT_108b, AND)
(282GAT_106b, 279GAT_108b, OR)
(279GAT_108b, 276GAT_110b, AND)
(279GAT_108b, 276GAT_110b, OR)
(276GAT_110b, 273GAT_112b, AND)
(276GAT_110b, 273GAT_112b, OR)
(273GAT_112b, 270GAT_114b, AND)
(273GAT_112b, 270GAT_114b, OR)
(270GAT_114b, 267GAT_116b, AND)
(270GAT_114b, 267GAT_116b, OR)
(267GAT_116b, 264GAT_118b, AND)
(267GAT_116b, 264GAT_118b, OR)
(264GAT_118b, 260GAT_120b, AND)
(264GAT_118b, 260GAT_120b, OR)
(329GAT_133, 309GAT_131, AND)
(329GAT_133, 309GAT_131, OR)
(309GAT_131, 319GAT_132, AND)
(309GAT_131, 319GAT_132, OR)
(PO_329GAT_133, 347GAT_134, AND)
(PO_329GAT_133, 347GAT_134, OR)
(347GAT_134, internal__120, AND)
(347GAT_134, internal__120, OR)
(internal__120, 309GAT_131b, AND)
(internal__120, 309GAT_131b, OR)
(309GAT_131b, 346GAT_136, AND)
(309GAT_131b, 346GAT_136, OR)
(346GAT_136, internal__124, AND)
(346GAT_136, internal__124, OR)
(internal__124, 345GAT_138, AND)
(internal__124, 345GAT_138, OR)
(345GAT_138, internal__128, AND)
(345GAT_138, internal__128, OR)
(internal__128, 344GAT_140, AND)
(internal__128, 344GAT_140, OR)
(344GAT_140, internal__132, AND)
(344GAT_140, internal__132, OR)
(internal__132, 342GAT_142, AND)
(internal__132, 342GAT_142, OR)
(342GAT_142, internal__136, AND)
(342GAT_142, internal__136, OR)
(internal__136, 340GAT_144, AND)
(internal__136, 340GAT_144, OR)
(340GAT_144, internal__140, AND)
(340GAT_144, internal__140, OR)
(internal__140, 338GAT_146, AND)
(internal__140, 338GAT_146, OR)
(338GAT_146, internal__144, AND)
(338GAT_146, internal__144, OR)
(internal__144, 336GAT_148, AND)
(internal__144, 336GAT_148, OR)
(336GAT_148, internal__148, AND)
(336GAT_148, internal__148, OR)
(internal__148, 334GAT_150, AND)
(internal__148, 334GAT_150, OR)
(334GAT_150, internal__152, AND)
(334GAT_150, internal__152, OR)
(internal__119, internal__123, AND)
(internal__119, internal__123, OR)
(internal__123, internal__127, AND)
(internal__123, internal__127, OR)
(internal__127, internal__131, AND)
(internal__127, internal__131, OR)
(internal__131, internal__135, AND)
(internal__131, internal__135, OR)
(internal__135, internal__139, AND)
(internal__135, internal__139, OR)
(internal__139, internal__143, AND)
(internal__139, internal__143, OR)
(internal__143, internal__147, AND)
(internal__143, internal__147, OR)
(internal__147, internal__151, AND)
(internal__147, internal__151, OR)
(343GAT_135, 341GAT_137, AND)
(343GAT_135, 341GAT_137, OR)
(341GAT_137, 339GAT_139, AND)
(341GAT_137, 339GAT_139, OR)
(339GAT_139, 337GAT_141, AND)
(339GAT_139, 337GAT_141, OR)
(337GAT_141, 335GAT_143, AND)
(337GAT_141, 335GAT_143, OR)
(335GAT_143, 333GAT_145, AND)
(335GAT_143, 333GAT_145, OR)
(333GAT_145, 332GAT_147, AND)
(333GAT_145, 332GAT_147, OR)
(332GAT_147, 331GAT_149, AND)
(332GAT_147, 331GAT_149, OR)
(331GAT_149, 330GAT_151, AND)
(331GAT_149, 330GAT_151, OR)
(356GAT_152, 355GAT_153, AND)
(356GAT_152, 355GAT_153, OR)
(355GAT_153, 354GAT_154, AND)
(355GAT_153, 354GAT_154, OR)
(354GAT_154, 353GAT_155, AND)
(354GAT_154, 353GAT_155, OR)
(353GAT_155, 352GAT_156, AND)
(353GAT_155, 352GAT_156, OR)
(352GAT_156, 351GAT_157, AND)
(352GAT_156, 351GAT_157, OR)
(351GAT_157, 350GAT_158, AND)
(351GAT_157, 350GAT_158, OR)
(350GAT_158, 349GAT_159, AND)
(350GAT_158, 349GAT_159, OR)
(349GAT_159, 348GAT_160, AND)
(349GAT_159, 348GAT_160, OR)
(370GAT_163, 360GAT_162, AND)
(370GAT_163, 360GAT_162, OR)
(PO_370GAT_163, 379GAT_164, AND)
(PO_370GAT_163, 379GAT_164, OR)
(379GAT_164, 378GAT_165, AND)
(379GAT_164, 378GAT_165, OR)
(378GAT_165, 377GAT_166, AND)
(378GAT_165, 377GAT_166, OR)
(377GAT_166, 376GAT_167, AND)
(377GAT_166, 376GAT_167, OR)
(376GAT_167, 375GAT_168, AND)
(376GAT_167, 375GAT_168, OR)
(375GAT_168, 374GAT_169, AND)
(375GAT_168, 374GAT_169, OR)
(374GAT_169, 373GAT_170, AND)
(374GAT_169, 373GAT_170, OR)
(373GAT_170, 372GAT_171, AND)
(373GAT_170, 372GAT_171, OR)
(372GAT_171, 371GAT_172, AND)
(372GAT_171, 371GAT_172, OR)
(399GAT_177, 386GAT_179, AND)
(399GAT_177, 386GAT_179, OR)
(386GAT_179, 381GAT_180, AND)
(386GAT_179, 381GAT_180, OR)
(381GAT_180, 414GAT_173, AND)
(381GAT_180, 414GAT_173, OR)
(414GAT_173, 411GAT_174, AND)
(414GAT_173, 411GAT_174, OR)
(411GAT_174, 407GAT_175, AND)
(411GAT_174, 407GAT_175, OR)
(407GAT_175, 404GAT_176, AND)
(407GAT_175, 404GAT_176, OR)
(404GAT_176, 393GAT_178, AND)
(404GAT_176, 393GAT_178, OR)
(393GAT_178, 380GAT_181, AND)
(393GAT_178, 380GAT_181, OR)
(416GAT_182, 420GAT_183, AND)
(416GAT_182, 420GAT_183, OR)
(420GAT_183, 419GAT_184, AND)
(420GAT_183, 419GAT_184, OR)
(419GAT_184, 418GAT_185, AND)
(419GAT_184, 418GAT_185, OR)
(418GAT_185, 417GAT_186, AND)
(418GAT_185, 417GAT_186, OR)
(417GAT_186, 415GAT_187, AND)
(417GAT_186, 415GAT_187, OR)
(416GAT_182b, 415GAT_187b, AND)
(416GAT_182b, 415GAT_187b, OR)
(415GAT_187b, 422GAT_192, AND)
(415GAT_187b, 422GAT_192, OR)
(422GAT_192, 428GAT_191, AND)
(422GAT_192, 428GAT_191, OR)
(428GAT_191, 425GAT_190, AND)
(428GAT_191, 425GAT_190, OR)
(425GAT_190, 429GAT_189, AND)
(425GAT_190, 429GAT_189, OR)
(421GAT_188, 430GAT_193, AND)
(421GAT_188, 430GAT_193, OR)
(430GAT_193, 431GAT_194, AND)
(430GAT_193, 431GAT_194, OR)
(431GAT_194, 432GAT_195, AND)
(431GAT_194, 432GAT_195, OR)
